<?xml version="1.0" encoding="UTF-8"?>
<robot generator="Robot 7.1.1 (Python 3.13.0 on win32)" generated="2024-12-15T17:52:28.202739" rpa="false" schemaversion="5">
<suite id="s1" name="Tests" source="C:\Users\HP\workspace\Robot-Framework\Tests">
<suite id="s1-s1" name="ApiTesting" source="C:\Users\HP\workspace\Robot-Framework\Tests\ApiTesting.robot">
<test id="s1-s1-t1" name="Do a GET Request and validate the response code and response body" line="11">
<kw name="Create Session" owner="RequestsLibrary">
<msg time="2024-12-15T17:52:29.119743" level="INFO">Creating Session using : alias=mysession, url=https://www.metaweather.com, headers={},                     cookies={}, auth=None, timeout=None, proxies=None, verify=True,                     debug=0 </msg>
<arg>mysession</arg>
<arg>https://www.metaweather.com</arg>
<arg>verify=true</arg>
<doc>Create Session: create a HTTP session to a server</doc>
<status status="PASS" start="2024-12-15T17:52:29.119525" elapsed="0.000406"/>
</kw>
<kw name="GET On Session" owner="RequestsLibrary">
<msg time="2024-12-15T17:52:29.734631" level="WARN">Retrying (RetryAdapter(total=2, connect=None, read=None, redirect=None, status=None)) after connection broken by 'SSLError(SSLEOFError(8, '[SSL: UNEXPECTED_EOF_WHILE_READING] EOF occurred in violation of protocol (_ssl.c:1020)'))': /api/location/search/?query=london</msg>
<msg time="2024-12-15T17:52:30.060385" level="WARN">Retrying (RetryAdapter(total=1, connect=None, read=None, redirect=None, status=None)) after connection broken by 'SSLError(SSLEOFError(8, '[SSL: UNEXPECTED_EOF_WHILE_READING] EOF occurred in violation of protocol (_ssl.c:1020)'))': /api/location/search/?query=london</msg>
<msg time="2024-12-15T17:52:30.887098" level="WARN">Retrying (RetryAdapter(total=0, connect=None, read=None, redirect=None, status=None)) after connection broken by 'SSLError(SSLEOFError(8, '[SSL: UNEXPECTED_EOF_WHILE_READING] EOF occurred in violation of protocol (_ssl.c:1020)'))': /api/location/search/?query=london</msg>
<msg time="2024-12-15T17:52:31.000813" level="FAIL">SSLError: HTTPSConnectionPool(host='www.metaweather.com', port=443): Max retries exceeded with url: /api/location/search/?query=london (Caused by SSLError(SSLEOFError(8, '[SSL: UNEXPECTED_EOF_WHILE_READING] EOF occurred in violation of protocol (_ssl.c:1020)')))</msg>
<var>${response}</var>
<arg>mysession</arg>
<arg>/api/location/search/</arg>
<arg>params=query=london</arg>
<doc>Sends a GET request on a previously created HTTP Session.</doc>
<status status="FAIL" start="2024-12-15T17:52:29.120196" elapsed="1.899797">SSLError: HTTPSConnectionPool(host='www.metaweather.com', port=443): Max retries exceeded with url: /api/location/search/?query=london (Caused by SSLError(SSLEOFError(8, '[SSL: UNEXPECTED_EOF_WHILE_READING] EOF occurred in violation of protocol (_ssl.c:1020)')))</status>
</kw>
<kw name="Status Should Be" owner="RequestsLibrary">
<arg>200</arg>
<arg>${response}</arg>
<doc>Fails if response status code is different than the expected.</doc>
<status status="NOT RUN" start="2024-12-15T17:52:31.020504" elapsed="0.000056"/>
</kw>
<kw name="Get Value From Json" owner="JSONLibrary">
<var>${title}</var>
<arg>${response.json()}[0]</arg>
<arg>title</arg>
<doc>Get Value From JSON using JSONPath</doc>
<status status="NOT RUN" start="2024-12-15T17:52:31.020902" elapsed="0.000048"/>
</kw>
<kw name="Get From List" owner="Collections">
<var>${titleFromList}</var>
<arg>${title}</arg>
<arg>0</arg>
<doc>Returns the value specified with an ``index`` from ``list``.</doc>
<status status="NOT RUN" start="2024-12-15T17:52:31.021362" elapsed="0.000052"/>
</kw>
<kw name="Should Be Equal" owner="BuiltIn">
<arg>${titleFromList}</arg>
<arg>London</arg>
<doc>Fails if the given objects are unequal.</doc>
<status status="NOT RUN" start="2024-12-15T17:52:31.021844" elapsed="0.000084"/>
</kw>
<kw name="Convert To String" owner="BuiltIn">
<var>${body}</var>
<arg>${response.content}</arg>
<doc>Converts the given item to a Unicode string.</doc>
<status status="NOT RUN" start="2024-12-15T17:52:31.022260" elapsed="0.000042"/>
</kw>
<kw name="Should Contain" owner="BuiltIn">
<arg>${body}</arg>
<arg>location_type</arg>
<doc>Fails if ``container`` does not contain ``item`` one or more times.</doc>
<status status="NOT RUN" start="2024-12-15T17:52:31.022527" elapsed="0.000036"/>
</kw>
<doc>This test case verifies that the response code of the GET Request should be 200,
the response body contains the 'title' key with value as 'London',
and the response body contains the key 'location_type'.</doc>
<tag>Smoke</tag>
<status status="FAIL" start="2024-12-15T17:52:29.118284" elapsed="1.904575">SSLError: HTTPSConnectionPool(host='www.metaweather.com', port=443): Max retries exceeded with url: /api/location/search/?query=london (Caused by SSLError(SSLEOFError(8, '[SSL: UNEXPECTED_EOF_WHILE_READING] EOF occurred in violation of protocol (_ssl.c:1020)')))</status>
</test>
<test id="s1-s1-t2" name="Do a POST Request and validate the response code, response body, and response headers" line="29">
<kw name="Create Session" owner="RequestsLibrary">
<msg time="2024-12-15T17:52:31.025096" level="INFO">Creating Session using : alias=mysession, url=https://jsonplaceholder.typicode.com, headers={},                     cookies={}, auth=None, timeout=None, proxies=None, verify=True,                     debug=0 </msg>
<arg>mysession</arg>
<arg>https://jsonplaceholder.typicode.com</arg>
<arg>verify=true</arg>
<doc>Create Session: create a HTTP session to a server</doc>
<status status="PASS" start="2024-12-15T17:52:31.024864" elapsed="0.000438"/>
</kw>
<kw name="Create Dictionary" owner="BuiltIn">
<msg time="2024-12-15T17:52:31.025952" level="INFO">&amp;{body} = { title=foo | body=bar | userId=9000 }</msg>
<var>&amp;{body}</var>
<arg>title=foo</arg>
<arg>body=bar</arg>
<arg>userId=9000</arg>
<doc>Creates and returns a dictionary based on the given ``items``.</doc>
<status status="PASS" start="2024-12-15T17:52:31.025581" elapsed="0.000410"/>
</kw>
<kw name="Create Dictionary" owner="BuiltIn">
<msg time="2024-12-15T17:52:31.026502" level="INFO">&amp;{header} = { Cache-Control=no-cache }</msg>
<var>&amp;{header}</var>
<arg>Cache-Control=no-cache</arg>
<doc>Creates and returns a dictionary based on the given ``items``.</doc>
<status status="PASS" start="2024-12-15T17:52:31.026245" elapsed="0.000295"/>
</kw>
<kw name="POST On Session" owner="RequestsLibrary">
<msg time="2024-12-15T17:52:31.727958" level="INFO">POST Request : url=https://jsonplaceholder.typicode.com/posts 
 path_url=/posts 
 headers={'User-Agent': 'python-requests/2.32.3', 'Accept-Encoding': 'gzip, deflate', 'Accept': '*/*', 'Connection': 'keep-alive', 'Cache-Control': 'no-cache', 'Content-Length': '30', 'Content-Type': 'application/x-www-form-urlencoded'} 
 body=title=foo&amp;body=bar&amp;userId=9000 
 </msg>
<msg time="2024-12-15T17:52:31.728624" level="INFO">POST Response : url=https://jsonplaceholder.typicode.com/posts 
 status=201, reason=Created 
 headers={'Date': 'Sun, 15 Dec 2024 12:22:34 GMT', 'Content-Type': 'application/json; charset=utf-8', 'Content-Length': '70', 'Connection': 'keep-alive', 'Report-To': '{"group":"heroku-nel","max_age":3600,"endpoints":[{"url":"https://nel.heroku.com/reports?ts=1734265354&amp;sid=e11707d5-02a7-43ef-b45e-2cf4d2036f7d&amp;s=lbeEePejHfqeHvRJIvAHuRb7XB65c1Z69jI4jfGiJpI%3D"}]}', 'Reporting-Endpoints': 'heroku-nel=https://nel.heroku.com/reports?ts=1734265354&amp;sid=e11707d5-02a7-43ef-b45e-2cf4d2036f7d&amp;s=lbeEePejHfqeHvRJIvAHuRb7XB65c1Z69jI4jfGiJpI%3D', 'Nel': '{"report_to":"heroku-nel","max_age":3600,"success_fraction":0.005,"failure_fraction":0.05,"response_headers":["Via"]}', 'X-Powered-By': 'Express', 'X-Ratelimit-Limit': '1000', 'X-Ratelimit-Remaining': '999', 'X-Ratelimit-Reset': '1734265358', 'Vary': 'Origin, X-HTTP-Method-Override, Accept-Encoding', 'Access-Control-Allow-Credentials': 'true', 'Cache-Control': 'no-cache', 'Pragma': 'no-cache', 'Expires': '-1', 'Access-Control-Expose-Headers': 'Location', 'Location': 'https://jsonplaceholder.typicode.com/posts/101', 'X-Content-Type-Options': 'nosniff', 'Etag': 'W/"46-tEKL1wxrjzPlkqKj2ScpRQ6IqC8"', 'Via': '1.1 vegur', 'CF-Cache-Status': 'DYNAMIC', 'Server': 'cloudflare', 'CF-RAY': '8f26666388b2e1e9-MRS', 'alt-svc': 'h3=":443"; ma=86400', 'server-timing': 'cfL4;desc="?proto=TCP&amp;rtt=204655&amp;min_rtt=164739&amp;rtt_var=76791&amp;sent=5&amp;recv=9&amp;lost=0&amp;retrans=0&amp;sent_bytes=2842&amp;recv_bytes=930&amp;delivery_rate=24746&amp;cwnd=252&amp;unsent_bytes=0&amp;cid=e20cce63a2ec4615&amp;ts=293&amp;x=0"'} 
 body={
  "title": "foo",
  "body": "bar",
  "userId": "9000",
  "id": 101
} 
 </msg>
<msg time="2024-12-15T17:52:31.729708" level="INFO">${response} = &lt;Response [201]&gt;</msg>
<var>${response}</var>
<arg>mysession</arg>
<arg>/posts</arg>
<arg>data=${body}</arg>
<arg>headers=${header}</arg>
<doc>Sends a POST request on a previously created HTTP Session.</doc>
<status status="PASS" start="2024-12-15T17:52:31.026768" elapsed="0.703069"/>
</kw>
<kw name="Status Should Be" owner="RequestsLibrary">
<arg>201</arg>
<arg>${response}</arg>
<doc>Fails if response status code is different than the expected.</doc>
<status status="PASS" start="2024-12-15T17:52:31.730614" elapsed="0.000613"/>
</kw>
<kw name="Get Value From Json" owner="JSONLibrary">
<msg time="2024-12-15T17:52:31.774876" level="INFO">${id} = [101]</msg>
<var>${id}</var>
<arg>${response.json()}</arg>
<arg>id</arg>
<doc>Get Value From JSON using JSONPath</doc>
<status status="PASS" start="2024-12-15T17:52:31.731832" elapsed="0.043086"/>
</kw>
<kw name="Get From List" owner="Collections">
<msg time="2024-12-15T17:52:31.775537" level="INFO">${idFromList} = 101</msg>
<var>${idFromList}</var>
<arg>${id}</arg>
<arg>0</arg>
<doc>Returns the value specified with an ``index`` from ``list``.</doc>
<status status="PASS" start="2024-12-15T17:52:31.775290" elapsed="0.000283"/>
</kw>
<kw name="Convert To String" owner="BuiltIn">
<msg time="2024-12-15T17:52:31.776018" level="INFO">${idFromListAsString} = 101</msg>
<var>${idFromListAsString}</var>
<arg>${idFromList}</arg>
<doc>Converts the given item to a Unicode string.</doc>
<status status="PASS" start="2024-12-15T17:52:31.775805" elapsed="0.000244"/>
</kw>
<kw name="Should Be Equal As Strings" owner="BuiltIn">
<arg>${idFromListAsString}</arg>
<arg>101</arg>
<doc>Fails if objects are unequal after converting them to strings.</doc>
<status status="PASS" start="2024-12-15T17:52:31.776237" elapsed="0.000285"/>
</kw>
<kw name="Get From Dictionary" owner="Collections">
<msg time="2024-12-15T17:52:31.777675" level="INFO">${getHeaderValue} = application/json; charset=utf-8</msg>
<var>${getHeaderValue}</var>
<arg>${response.headers}</arg>
<arg>Content-Type</arg>
<doc>Returns a value from the given ``dictionary`` based on the given ``key``.</doc>
<status status="PASS" start="2024-12-15T17:52:31.777047" elapsed="0.000664"/>
</kw>
<kw name="Should Be Equal" owner="BuiltIn">
<arg>${getHeaderValue}</arg>
<arg>application/json; charset=utf-8</arg>
<doc>Fails if the given objects are unequal.</doc>
<status status="PASS" start="2024-12-15T17:52:31.777958" elapsed="0.000265"/>
</kw>
<doc>This test case verifies that the response code of the POST Request should be 201,
the response body contains the 'id' key with value '101',
and the response header 'Content-Type' has the value 'application/json; charset=utf-8'.</doc>
<tag>Regression</tag>
<status status="PASS" start="2024-12-15T17:52:31.024110" elapsed="0.754306"/>
</test>
<doc>API Testing in Robot Framework</doc>
<status status="FAIL" start="2024-12-15T17:52:28.238640" elapsed="3.540653"/>
</suite>
<suite id="s1-s2" name="DatabaseTest" source="C:\Users\HP\workspace\Robot-Framework\Tests\DatabaseTest.robot">
<test id="s1-s2-t1" name="Verify Successful creation of Table" line="13">
<kw name="Connect DB">
<kw name="Connect To Database" owner="DatabaseLibrary">
<msg time="2024-12-15T17:52:31.812282" level="INFO">Looking for configuration file: 'resources\db.cfg'</msg>
<msg time="2024-12-15T17:52:31.812388" level="INFO">Configuration file doesn't exist</msg>
<msg time="2024-12-15T17:52:31.831597" level="INFO">Connect to DB using : pymysql.connect(db='database-name', user='username', passwd=***, host='db4free.net', port=3306, charset='utf8mb4')</msg>
<msg time="2024-12-15T17:52:32.892688" level="FAIL">OperationalError: (1044, "Access denied for user 'username'@'%' to database 'database-name'")</msg>
<arg>pymysql</arg>
<arg>${DBName}</arg>
<arg>${DBUser}</arg>
<arg>${DBPassword}</arg>
<arg>${DBHost}</arg>
<arg>${DBPort}</arg>
<doc>Creates a database connection using the DB API 2.0 ``db_module`` and the parameters provided.
Along with listed commonly used arguments (`db_name`, `db_host` etc.)
you can set any other DB module specific parameters as key/value pairs.</doc>
<status status="FAIL" start="2024-12-15T17:52:31.812022" elapsed="1.089050">OperationalError: (1044, "Access denied for user 'username'@'%' to database 'database-name'")</status>
</kw>
<status status="FAIL" start="2024-12-15T17:52:31.811738" elapsed="1.090000">OperationalError: (1044, "Access denied for user 'username'@'%' to database 'database-name'")</status>
</kw>
<kw name="Execute Sql String" owner="DatabaseLibrary">
<var>${output}</var>
<arg>CREATE TABLE Persons (PersonID int, FirstName varchar(255), Address varchar(255), City varchar(255));</arg>
<doc>Executes the ``sql_string`` as a single SQL command.</doc>
<status status="NOT RUN" start="2024-12-15T17:52:32.902641" elapsed="0.000069"/>
</kw>
<kw name="Should Be Equal As Strings" owner="BuiltIn">
<arg>${output}</arg>
<arg>None</arg>
<doc>Fails if objects are unequal after converting them to strings.</doc>
<status status="NOT RUN" start="2024-12-15T17:52:32.903353" elapsed="0.000061"/>
</kw>
<doc>This test case verifies that user is able to create a table successfully</doc>
<status status="FAIL" start="2024-12-15T17:52:31.810591" elapsed="1.093293">OperationalError: (1044, "Access denied for user 'username'@'%' to database 'database-name'")</status>
</test>
<test id="s1-s2-t2" name="Verify Data Insertion in Table" line="19">
<kw name="Execute Sql Script" owner="DatabaseLibrary">
<msg time="2024-12-15T17:52:32.906493" level="FAIL">ValueError: No database connection is open.</msg>
<var>${output}</var>
<arg>./Resources/DB Data/insert.sql</arg>
<doc>Executes the content of the SQL script file loaded from `script_path` as SQL commands.</doc>
<status status="FAIL" start="2024-12-15T17:52:32.906273" elapsed="0.001605">ValueError: No database connection is open.</status>
</kw>
<kw name="Should Be Equal As Strings" owner="BuiltIn">
<arg>${output}</arg>
<arg>None</arg>
<doc>Fails if objects are unequal after converting them to strings.</doc>
<status status="NOT RUN" start="2024-12-15T17:52:32.908183" elapsed="0.000031"/>
</kw>
<doc>This test case verifies that user is able to insert data in the table successfully</doc>
<status status="FAIL" start="2024-12-15T17:52:32.905528" elapsed="0.003066">ValueError: No database connection is open.</status>
</test>
<test id="s1-s2-t3" name="Verify Data Update in Table" line="24">
<kw name="Execute Sql String" owner="DatabaseLibrary">
<msg time="2024-12-15T17:52:32.910046" level="FAIL">ValueError: No database connection is open.</msg>
<var>${output}</var>
<arg>UPDATE Persons SET FirstName = "Kevin" WHERE City="Vantaa";</arg>
<doc>Executes the ``sql_string`` as a single SQL command.</doc>
<status status="FAIL" start="2024-12-15T17:52:32.909874" elapsed="0.000793">ValueError: No database connection is open.</status>
</kw>
<kw name="Should Be Equal As Strings" owner="BuiltIn">
<arg>${output}</arg>
<arg>None</arg>
<doc>Fails if objects are unequal after converting them to strings.</doc>
<status status="NOT RUN" start="2024-12-15T17:52:32.910880" elapsed="0.000022"/>
</kw>
<doc>This test case verifies a user can Update a Table record</doc>
<status status="FAIL" start="2024-12-15T17:52:32.909508" elapsed="0.001597">ValueError: No database connection is open.</status>
</test>
<test id="s1-s2-t4" name="Verify a certain record is present or Not" line="29">
<kw name="Check If Exists In Database" owner="DatabaseLibrary">
<msg time="2024-12-15T17:52:32.912681" level="WARN">Keyword 'DatabaseLibrary.Check If Exists In Database' is deprecated. Use new `Check Row Count` keyword with assertion engine instead.
The deprecated keyword will be removed in future versions.</msg>
<msg time="2024-12-15T17:52:32.913746" level="FAIL">ValueError: No database connection is open.</msg>
<arg>SELECT PersonID FROM Persons WHERE FirstName="Dwight"</arg>
<doc>*DEPRECATED* Use new `Check Row Count` keyword with assertion engine instead.
The deprecated keyword will be removed in future versions.</doc>
<status status="FAIL" start="2024-12-15T17:52:32.912641" elapsed="0.002952">ValueError: No database connection is open.</status>
</kw>
<doc>This test case verifies that in Persons Table we have the data for Dwight</doc>
<status status="FAIL" start="2024-12-15T17:52:32.911908" elapsed="0.004497">ValueError: No database connection is open.</status>
</test>
<test id="s1-s2-t5" name="Verify a Table is present or Not" line="33">
<kw name="Table Must Exist" owner="DatabaseLibrary">
<msg time="2024-12-15T17:52:32.918835" level="FAIL">ValueError: No database connection is open.</msg>
<arg>Persons</arg>
<doc>Check if the table with `table_name` exists in the database.</doc>
<status status="FAIL" start="2024-12-15T17:52:32.918656" elapsed="0.000800">ValueError: No database connection is open.</status>
</kw>
<doc>This test case verifies whether Persons table exist in the database or not</doc>
<status status="FAIL" start="2024-12-15T17:52:32.917895" elapsed="0.001816">ValueError: No database connection is open.</status>
</test>
<test id="s1-s2-t6" name="Verify that the row count is 1" line="37">
<kw name="Row Count Is Equal To X" owner="DatabaseLibrary">
<msg time="2024-12-15T17:52:32.920894" level="WARN">Keyword 'DatabaseLibrary.Row Count Is Equal To X' is deprecated. Use new `Check Row Count` keyword with assertion engine instead.
The deprecated keyword will be removed in future versions.</msg>
<msg time="2024-12-15T17:52:32.921622" level="FAIL">ValueError: No database connection is open.</msg>
<arg>SELECT PersonID FROM Persons WHERE CITY="Espoo"</arg>
<arg>1</arg>
<doc>*DEPRECATED* Use new `Check Row Count` keyword with assertion engine instead.
The deprecated keyword will be removed in future versions.</doc>
<status status="FAIL" start="2024-12-15T17:52:32.920864" elapsed="0.002225">ValueError: No database connection is open.</status>
</kw>
<doc>This test case verifies that there is only one row in table where the city is Espoo</doc>
<status status="FAIL" start="2024-12-15T17:52:32.920492" elapsed="0.003221">ValueError: No database connection is open.</status>
</test>
<test id="s1-s2-t7" name="Verify that you can Delete a Table" line="41">
<kw name="Execute Sql String" owner="DatabaseLibrary">
<msg time="2024-12-15T17:52:32.925845" level="FAIL">ValueError: No database connection is open.</msg>
<var>${output}</var>
<arg>DROP TABLE Persons;</arg>
<doc>Executes the ``sql_string`` as a single SQL command.</doc>
<status status="FAIL" start="2024-12-15T17:52:32.925507" elapsed="0.001212">ValueError: No database connection is open.</status>
</kw>
<kw name="Should Be Equal As Strings" owner="BuiltIn">
<arg>${output}</arg>
<arg>None</arg>
<doc>Fails if objects are unequal after converting them to strings.</doc>
<status status="NOT RUN" start="2024-12-15T17:52:32.926985" elapsed="0.000025"/>
</kw>
<kw name="Disconnect DB">
<status status="NOT RUN" start="2024-12-15T17:52:32.928876" elapsed="0.000044"/>
</kw>
<doc>This test case verifies that a user can delete a Table</doc>
<status status="FAIL" start="2024-12-15T17:52:32.924699" elapsed="0.004534">ValueError: No database connection is open.</status>
</test>
<doc>Database Testing in Robot Framework</doc>
<status status="FAIL" start="2024-12-15T17:52:31.780621" elapsed="1.150142"/>
</suite>
<suite id="s1-s3" name="Login" source="C:\Users\HP\workspace\Robot-Framework\Tests\Login.robot">
<test id="s1-s3-t1" name="Verify Successful Login to OrangeHRM" line="8">
<kw name="Open Browser" owner="SeleniumLibrary">
<msg time="2024-12-15T17:52:32.937989" level="INFO">Opening browser 'Chrome' to base url 'https://opensource-demo.orangehrmlive.com/'.</msg>
<arg>https://opensource-demo.orangehrmlive.com/</arg>
<arg>Chrome</arg>
<doc>Opens a new browser instance to the optional ``url``.</doc>
<status status="PASS" start="2024-12-15T17:52:32.937361" elapsed="9.715192"/>
</kw>
<kw name="Wait Until Element Is Visible" owner="SeleniumLibrary">
<msg time="2024-12-15T17:52:47.946492" level="INFO" html="true">&lt;/td&gt;&lt;/tr&gt;&lt;tr&gt;&lt;td colspan="3"&gt;&lt;a href="selenium-screenshot-4.png"&gt;&lt;img src="selenium-screenshot-4.png" width="800px"&gt;&lt;/a&gt;</msg>
<msg time="2024-12-15T17:52:47.946787" level="FAIL">Element 'id:txtUsername' not visible after 5 seconds.</msg>
<arg>id:txtUsername</arg>
<arg>timeout=5</arg>
<doc>Waits until the element ``locator`` is visible.</doc>
<status status="FAIL" start="2024-12-15T17:52:42.652870" elapsed="5.296995">Element 'id:txtUsername' not visible after 5 seconds.</status>
</kw>
<kw name="Input Text" owner="SeleniumLibrary">
<arg>id:txtUsername</arg>
<arg>Admin</arg>
<doc>Types the given ``text`` into the text field identified by ``locator``.</doc>
<status status="NOT RUN" start="2024-12-15T17:52:47.950531" elapsed="0.000063"/>
</kw>
<kw name="Input Password" owner="SeleniumLibrary">
<arg>id:txtPassword</arg>
<arg>admin123</arg>
<doc>Types the given password into the text field identified by ``locator``.</doc>
<status status="NOT RUN" start="2024-12-15T17:52:47.951038" elapsed="0.000030"/>
</kw>
<kw name="Click Element" owner="SeleniumLibrary">
<arg>id:btnLogin</arg>
<doc>Click the element identified by ``locator``.</doc>
<status status="NOT RUN" start="2024-12-15T17:52:47.951523" elapsed="0.000029"/>
</kw>
<kw name="Element Should Be Visible" owner="SeleniumLibrary">
<arg>id:welcome</arg>
<arg>timeout=5</arg>
<doc>Verifies that the element identified by ``locator`` is visible.</doc>
<status status="NOT RUN" start="2024-12-15T17:52:47.951975" elapsed="0.000028"/>
</kw>
<kw name="Close Browser" owner="SeleniumLibrary">
<doc>Closes the current browser.</doc>
<status status="NOT RUN" start="2024-12-15T17:52:47.952617" elapsed="0.000063"/>
</kw>
<doc>This test case verifies that user is able to successfully Login to OrangeHRM</doc>
<tag>Smoke</tag>
<status status="FAIL" start="2024-12-15T17:52:32.936610" elapsed="15.016544">Element 'id:txtUsername' not visible after 5 seconds.</status>
</test>
<test id="s1-s3-t2" name="Verify Successful Login to the-internet.herokuapp" line="19">
<kw name="Open Browser" owner="SeleniumLibrary">
<msg time="2024-12-15T17:52:47.957326" level="INFO">Opening browser 'Chrome' to base url 'https://the-internet.herokuapp.com/login'.</msg>
<arg>https://the-internet.herokuapp.com/login</arg>
<arg>Chrome</arg>
<doc>Opens a new browser instance to the optional ``url``.</doc>
<status status="PASS" start="2024-12-15T17:52:47.956923" elapsed="13.141281"/>
</kw>
<kw name="Wait Until Element Is Visible" owner="SeleniumLibrary">
<arg>id:username</arg>
<arg>timeout=5</arg>
<doc>Waits until the element ``locator`` is visible.</doc>
<status status="PASS" start="2024-12-15T17:53:01.098897" elapsed="0.035864"/>
</kw>
<kw name="Input Text" owner="SeleniumLibrary">
<msg time="2024-12-15T17:53:01.135362" level="INFO">Typing text 'tomsmith' into text field 'id:username'.</msg>
<arg>id:username</arg>
<arg>tomsmith</arg>
<doc>Types the given ``text`` into the text field identified by ``locator``.</doc>
<status status="PASS" start="2024-12-15T17:53:01.135172" elapsed="0.169926"/>
</kw>
<kw name="Input Password" owner="SeleniumLibrary">
<msg time="2024-12-15T17:53:01.306201" level="INFO">Typing password into text field 'id:password'.</msg>
<msg time="2024-12-15T17:53:01.371787" level="INFO">Temporally setting log level to: NONE</msg>
<arg>id:password</arg>
<arg>SuperSecretPassword!</arg>
<doc>Types the given password into the text field identified by ``locator``.</doc>
<status status="PASS" start="2024-12-15T17:53:01.305634" elapsed="0.150763"/>
</kw>
<kw name="Click Element" owner="SeleniumLibrary">
<msg time="2024-12-15T17:53:01.456841" level="INFO">Clicking element 'css:button[type="submit"]'.</msg>
<arg>css:button[type="submit"]</arg>
<doc>Click the element identified by ``locator``.</doc>
<status status="PASS" start="2024-12-15T17:53:01.456678" elapsed="0.624438"/>
</kw>
<kw name="Element Should Be Visible" owner="SeleniumLibrary">
<msg time="2024-12-15T17:53:02.122017" level="INFO">Element 'css:[href="/logout"]' is displayed.</msg>
<arg>css:[href="/logout"]</arg>
<arg>timeout=5</arg>
<doc>Verifies that the element identified by ``locator`` is visible.</doc>
<status status="PASS" start="2024-12-15T17:53:02.081468" elapsed="0.040796"/>
</kw>
<kw name="Close Browser" owner="SeleniumLibrary">
<doc>Closes the current browser.</doc>
<status status="PASS" start="2024-12-15T17:53:02.122630" elapsed="2.145080"/>
</kw>
<doc>This test case verifies that user is able to successfully Login to the-internet.herokuapp</doc>
<tag>Smoke</tag>
<status status="PASS" start="2024-12-15T17:52:47.955599" elapsed="16.312583"/>
</test>
<doc>Login Functionality</doc>
<status status="FAIL" start="2024-12-15T17:52:32.931714" elapsed="31.338765"/>
</suite>
<status status="FAIL" start="2024-12-15T17:52:28.205169" elapsed="36.068476"/>
</suite>
<statistics>
<total>
<stat pass="2" fail="9" skip="0">All Tests</stat>
</total>
<tag>
<stat pass="1" fail="0" skip="0">Regression</stat>
<stat pass="1" fail="2" skip="0">Smoke</stat>
</tag>
<suite>
<stat pass="2" fail="9" skip="0" id="s1" name="Tests">Tests</stat>
<stat pass="1" fail="1" skip="0" id="s1-s1" name="ApiTesting">Tests.ApiTesting</stat>
<stat pass="0" fail="7" skip="0" id="s1-s2" name="DatabaseTest">Tests.DatabaseTest</stat>
<stat pass="1" fail="1" skip="0" id="s1-s3" name="Login">Tests.Login</stat>
</suite>
</statistics>
<errors>
<msg time="2024-12-15T17:52:29.734631" level="WARN">Retrying (RetryAdapter(total=2, connect=None, read=None, redirect=None, status=None)) after connection broken by 'SSLError(SSLEOFError(8, '[SSL: UNEXPECTED_EOF_WHILE_READING] EOF occurred in violation of protocol (_ssl.c:1020)'))': /api/location/search/?query=london</msg>
<msg time="2024-12-15T17:52:30.060385" level="WARN">Retrying (RetryAdapter(total=1, connect=None, read=None, redirect=None, status=None)) after connection broken by 'SSLError(SSLEOFError(8, '[SSL: UNEXPECTED_EOF_WHILE_READING] EOF occurred in violation of protocol (_ssl.c:1020)'))': /api/location/search/?query=london</msg>
<msg time="2024-12-15T17:52:30.887098" level="WARN">Retrying (RetryAdapter(total=0, connect=None, read=None, redirect=None, status=None)) after connection broken by 'SSLError(SSLEOFError(8, '[SSL: UNEXPECTED_EOF_WHILE_READING] EOF occurred in violation of protocol (_ssl.c:1020)'))': /api/location/search/?query=london</msg>
<msg time="2024-12-15T17:52:32.912681" level="WARN">Keyword 'DatabaseLibrary.Check If Exists In Database' is deprecated. Use new `Check Row Count` keyword with assertion engine instead.
The deprecated keyword will be removed in future versions.</msg>
<msg time="2024-12-15T17:52:32.920894" level="WARN">Keyword 'DatabaseLibrary.Row Count Is Equal To X' is deprecated. Use new `Check Row Count` keyword with assertion engine instead.
The deprecated keyword will be removed in future versions.</msg>
</errors>
</robot>
