<?xml version="1.0" encoding="UTF-8"?>
<robot generator="Robot 7.1.1 (Python 3.13.0 on win32)" generated="2024-12-15T23:46:00.415800" rpa="false" schemaversion="5">
<suite id="s1" name="Test" source="C:\Users\HP\workspace\Robot-Framework\Tests\Test.robot">
<test id="s1-t1" name="Create a dictionary and iterate it" line="32">
<kw name="Create Dictionary" owner="BuiltIn">
<msg time="2024-12-15T23:46:01.337757" level="INFO">${address} = {'street': '123 main street', 'city': 'Bhopal', 'State': 'MP'}</msg>
<var>${address}</var>
<arg>street=123 main street</arg>
<arg>city=Bhopal</arg>
<arg>State=MP</arg>
<doc>Creates and returns a dictionary based on the given ``items``.</doc>
<status status="PASS" start="2024-12-15T23:46:01.337434" elapsed="0.000359"/>
</kw>
<kw name="Create Dictionary" owner="BuiltIn">
<msg time="2024-12-15T23:46:01.338600" level="INFO">${person} = {'name': 'adi', 'jobtitle': 'PC', 'age': '30', 'address': {'street': '123 main street', 'city': 'Bhopal', 'State': 'MP'}}</msg>
<var>${person}</var>
<arg>name=adi</arg>
<arg>jobtitle=PC</arg>
<arg>age=30</arg>
<arg>address=${address}</arg>
<doc>Creates and returns a dictionary based on the given ``items``.</doc>
<status status="PASS" start="2024-12-15T23:46:01.338359" elapsed="0.000269"/>
</kw>
<kw name="Log" owner="BuiltIn">
<msg time="2024-12-15T23:46:01.339173" level="INFO">{'name': 'adi', 'jobtitle': 'PC', 'age': '30', 'address': {'street': '123 main street', 'city': 'Bhopal', 'State': 'MP'}}</msg>
<arg>${person}</arg>
<doc>Logs the given message with the given level.</doc>
<status status="PASS" start="2024-12-15T23:46:01.339021" elapsed="0.000202"/>
</kw>
<for flavor="IN">
<iter>
<kw name="Log" owner="BuiltIn">
<msg time="2024-12-15T23:46:01.340013" level="INFO">key=name, value=adi</msg>
<arg>key=${key}, value=${value}</arg>
<doc>Logs the given message with the given level.</doc>
<status status="PASS" start="2024-12-15T23:46:01.339868" elapsed="0.000189"/>
</kw>
<var name="${key}">name</var>
<var name="${value}">adi</var>
<status status="PASS" start="2024-12-15T23:46:01.339775" elapsed="0.000333"/>
</iter>
<iter>
<kw name="Log" owner="BuiltIn">
<msg time="2024-12-15T23:46:01.340404" level="INFO">key=jobtitle, value=PC</msg>
<arg>key=${key}, value=${value}</arg>
<doc>Logs the given message with the given level.</doc>
<status status="PASS" start="2024-12-15T23:46:01.340282" elapsed="0.000167"/>
</kw>
<var name="${key}">jobtitle</var>
<var name="${value}">PC</var>
<status status="PASS" start="2024-12-15T23:46:01.340210" elapsed="0.000276"/>
</iter>
<iter>
<kw name="Log" owner="BuiltIn">
<msg time="2024-12-15T23:46:01.340758" level="INFO">key=age, value=30</msg>
<arg>key=${key}, value=${value}</arg>
<doc>Logs the given message with the given level.</doc>
<status status="PASS" start="2024-12-15T23:46:01.340645" elapsed="0.000155"/>
</kw>
<var name="${key}">age</var>
<var name="${value}">30</var>
<status status="PASS" start="2024-12-15T23:46:01.340574" elapsed="0.000262"/>
</iter>
<iter>
<kw name="Log" owner="BuiltIn">
<msg time="2024-12-15T23:46:01.341166" level="INFO">key=address, value={'street': '123 main street', 'city': 'Bhopal', 'State': 'MP'}</msg>
<arg>key=${key}, value=${value}</arg>
<doc>Logs the given message with the given level.</doc>
<status status="PASS" start="2024-12-15T23:46:01.341030" elapsed="0.000174"/>
</kw>
<var name="${key}">address</var>
<var name="${value}">{'street': '123 main street', 'city': 'Bhopal', 'State': 'MP'}</var>
<status status="PASS" start="2024-12-15T23:46:01.340960" elapsed="0.000316"/>
</iter>
<var>${key}</var>
<var>${value}</var>
<value>&amp;{person}</value>
<status status="PASS" start="2024-12-15T23:46:01.339571" elapsed="0.001749"/>
</for>
<doc>This test case verifies the dictionary values</doc>
<tag>Regression</tag>
<status status="PASS" start="2024-12-15T23:46:01.335828" elapsed="0.005849"/>
</test>
<test id="s1-t2" name="Example Test" line="45">
<for flavor="IN">
<iter>
<kw name="Log" owner="BuiltIn">
<msg time="2024-12-15T23:46:01.344043" level="INFO">item1</msg>
<arg>${item}</arg>
<doc>Logs the given message with the given level.</doc>
<status status="PASS" start="2024-12-15T23:46:01.343912" elapsed="0.000176"/>
</kw>
<var name="${item}">item1</var>
<status status="PASS" start="2024-12-15T23:46:01.343799" elapsed="0.000363"/>
</iter>
<iter>
<kw name="Log" owner="BuiltIn">
<msg time="2024-12-15T23:46:01.344414" level="INFO">item2</msg>
<arg>${item}</arg>
<doc>Logs the given message with the given level.</doc>
<status status="PASS" start="2024-12-15T23:46:01.344316" elapsed="0.000139"/>
</kw>
<var name="${item}">item2</var>
<status status="PASS" start="2024-12-15T23:46:01.344244" elapsed="0.000250"/>
</iter>
<iter>
<kw name="Log" owner="BuiltIn">
<msg time="2024-12-15T23:46:01.344734" level="INFO">item3</msg>
<arg>${item}</arg>
<doc>Logs the given message with the given level.</doc>
<status status="PASS" start="2024-12-15T23:46:01.344643" elapsed="0.000124"/>
</kw>
<var name="${item}">item3</var>
<status status="PASS" start="2024-12-15T23:46:01.344573" elapsed="0.000229"/>
</iter>
<var>${item}</var>
<value>@{list}</value>
<status status="PASS" start="2024-12-15T23:46:01.343606" elapsed="0.001230"/>
</for>
<status status="PASS" start="2024-12-15T23:46:01.343117" elapsed="0.002097"/>
</test>
<doc>API Testing in Robot Framework</doc>
<status status="PASS" start="2024-12-15T23:46:00.417769" elapsed="0.929231"/>
</suite>
<statistics>
<total>
<stat pass="2" fail="0" skip="0">All Tests</stat>
</total>
<tag>
<stat pass="1" fail="0" skip="0">Regression</stat>
</tag>
<suite>
<stat pass="2" fail="0" skip="0" id="s1" name="Test">Test</stat>
</suite>
</statistics>
<errors>
</errors>
</robot>
